2012/11/17 14:11:09 INFO  - jmeter.util.JMeterUtils: Setting Locale to en_US 
2012/11/17 14:11:09 INFO  - jmeter.JMeter: Loading user properties from: /Applications/jmeter/bin/user.properties 
2012/11/17 14:11:09 INFO  - jmeter.JMeter: Loading system properties from: /Applications/jmeter/bin/system.properties 
2012/11/17 14:11:09 INFO  - jmeter.JMeter: Copyright (c) 1998-2012 The Apache Software Foundation 
2012/11/17 14:11:09 INFO  - jmeter.JMeter: Version 2.8 r1393162 
2012/11/17 14:11:09 INFO  - jmeter.JMeter: java.version=1.6.0_35 
2012/11/17 14:11:09 INFO  - jmeter.JMeter: java.vm.name=Java HotSpot(TM) 64-Bit Server VM 
2012/11/17 14:11:09 INFO  - jmeter.JMeter: os.name=Mac OS X 
2012/11/17 14:11:09 INFO  - jmeter.JMeter: os.arch=x86_64 
2012/11/17 14:11:09 INFO  - jmeter.JMeter: os.version=10.8.2 
2012/11/17 14:11:09 INFO  - jmeter.JMeter: file.encoding=MacRoman 
2012/11/17 14:11:09 INFO  - jmeter.JMeter: Default Locale=English (United States) 
2012/11/17 14:11:09 INFO  - jmeter.JMeter: JMeter  Locale=English (United States) 
2012/11/17 14:11:09 INFO  - jmeter.JMeter: JMeterHome=/Applications/jmeter 
2012/11/17 14:11:09 INFO  - jmeter.JMeter: user.dir  =/Users/timkoopmans/Dropbox/Git/altentee/gridinit-jmeter 
2012/11/17 14:11:09 INFO  - jmeter.JMeter: PWD       =/Users/timkoopmans/Dropbox/Git/altentee/gridinit-jmeter 
2012/11/17 14:11:09 INFO  - jmeter.JMeter: IP: 192.168.56.1 Name: kuuki.local FullName: 192.168.56.1 
2012/11/17 14:11:09 INFO  - jmeter.JMeter: Loaded icon properties from org/apache/jmeter/images/icon.properties 
2012/11/17 14:11:10 INFO  - jmeter.engine.util.CompoundVariable: Note: Function class names must contain the string: '.functions.' 
2012/11/17 14:11:10 INFO  - jmeter.engine.util.CompoundVariable: Note: Function class names must not contain the string: '.gui.' 
2012/11/17 14:11:10 INFO  - jmeter.gui.action.LookAndFeelCommand: Using look and feel: com.apple.laf.AquaLookAndFeel [Mac OS X, System] 
2012/11/17 14:11:10 INFO  - jmeter.gui.util.MenuFactory: Skipping kg.apc.jmeter.config.VariablesFromCSVFile 
2012/11/17 14:11:11 INFO  - jmeter.util.BSFTestElement: Registering JMeter version of JavaScript engine as work-round for BSF-22 
2012/11/17 14:11:11 INFO  - jmeter.protocol.http.sampler.HTTPSamplerBase: Cannot find .className property for htmlParser, using default 
2012/11/17 14:11:11 INFO  - jmeter.protocol.http.sampler.HTTPSamplerBase: Parser for text/html is  
2012/11/17 14:11:11 INFO  - jmeter.protocol.http.sampler.HTTPSamplerBase: Parser for application/xhtml+xml is  
2012/11/17 14:11:11 INFO  - jmeter.protocol.http.sampler.HTTPSamplerBase: Parser for application/xml is  
2012/11/17 14:11:11 INFO  - jmeter.protocol.http.sampler.HTTPSamplerBase: Parser for text/xml is  
2012/11/17 14:11:11 INFO  - jmeter.protocol.http.sampler.HTTPSamplerBase: Parser for text/vnd.wap.wml is org.apache.jmeter.protocol.http.parser.RegexpHTMLParser 
2012/11/17 14:11:11 INFO  - jmeter.protocol.http.sampler.HTTPSamplerBase: Reuse SSL session context on subsequent iterations: true 
2012/11/17 14:11:11 INFO  - jmeter.gui.util.MenuFactory: Skipping org.apache.jmeter.protocol.http.modifier.gui.ParamModifierGui 
2012/11/17 14:11:12 INFO  - jmeter.samplers.SampleResult: Note: Sample TimeStamps are START times 
2012/11/17 14:11:12 INFO  - jmeter.samplers.SampleResult: sampleresult.default.encoding is set to ISO-8859-1 
2012/11/17 14:11:12 INFO  - jmeter.samplers.SampleResult: sampleresult.useNanoTime=true 
2012/11/17 14:11:12 INFO  - jmeter.samplers.SampleResult: sampleresult.nanoThreadSleep=5000 
2012/11/17 14:11:19 INFO  - jmeter.services.FileServer: Default base='/Users/timkoopmans/Dropbox/Git/altentee/gridinit-jmeter' 
2012/11/17 14:11:19 INFO  - jmeter.gui.action.Load: Loading file: /Users/timkoopmans/Dropbox/Git/altentee/gridinit-jmeter/examples/basic_testplan.jmx 
2012/11/17 14:11:19 INFO  - jmeter.services.FileServer: Set new base='/Users/timkoopmans/Dropbox/Git/altentee/gridinit-jmeter/examples' 
2012/11/17 14:11:19 INFO  - jmeter.save.SaveService: Testplan (JMX) version: 2.2. Testlog (JTL) version: 2.2 
2012/11/17 14:11:19 INFO  - jmeter.save.SaveService: Using SaveService properties file encoding UTF-8 
2012/11/17 14:11:19 INFO  - jmeter.save.SaveService: Using SaveService properties file version 1382180 
2012/11/17 14:11:19 INFO  - jmeter.save.SaveService: Using SaveService properties version 2.3 
2012/11/17 14:11:19 INFO  - jmeter.save.SaveService: All converter versions present and correct 
2012/11/17 14:11:19 INFO  - jmeter.services.FileServer: Set new base='/Users/timkoopmans/Dropbox/Git/altentee/gridinit-jmeter/examples' 
